[debug] [2022-11-08T23:20:19.733Z] ----------------------------------------------------------------------
[debug] [2022-11-08T23:20:19.734Z] Command:       /Users/leo/.nvm/versions/node/v16.15.0/bin/node /Users/leo/.nvm/versions/node/v16.15.0/bin/firebase deploy
[debug] [2022-11-08T23:20:19.734Z] CLI Version:   11.8.1
[debug] [2022-11-08T23:20:19.734Z] Platform:      darwin
[debug] [2022-11-08T23:20:19.734Z] Node Version:  v16.15.0
[debug] [2022-11-08T23:20:19.736Z] Time:          Tue Nov 08 2022 18:20:19 GMT-0500 (Eastern Standard Time)
[debug] [2022-11-08T23:20:19.736Z] ----------------------------------------------------------------------
[debug] 
[debug] [2022-11-08T23:20:19.738Z] >>> [apiv2][query] GET https://firebase-public.firebaseio.com/cli.json [none]
[debug] [2022-11-08T23:20:19.773Z] > command requires scopes: ["email","openid","https://www.googleapis.com/auth/cloudplatformprojects.readonly","https://www.googleapis.com/auth/firebase","https://www.googleapis.com/auth/cloud-platform"]
[debug] [2022-11-08T23:20:19.773Z] > authorizing via signed-in user (lionel.beato@gmail.com)
[debug] [2022-11-08T23:20:19.773Z] [iam] checking project fds3sd for permissions ["cloudfunctions.functions.create","cloudfunctions.functions.delete","cloudfunctions.functions.get","cloudfunctions.functions.list","cloudfunctions.functions.update","cloudfunctions.operations.get","firebase.projects.get","firebasehosting.sites.update"]
[debug] [2022-11-08T23:20:19.773Z] > refreshing access token with scopes: []
[debug] [2022-11-08T23:20:19.774Z] >>> [apiv2][query] POST https://www.googleapis.com/oauth2/v3/token [none]
[debug] [2022-11-08T23:20:19.774Z] >>> [apiv2][body] POST https://www.googleapis.com/oauth2/v3/token [omitted]
[debug] [2022-11-08T23:20:19.946Z] <<< [apiv2][status] GET https://firebase-public.firebaseio.com/cli.json 200
[debug] [2022-11-08T23:20:19.946Z] <<< [apiv2][body] GET https://firebase-public.firebaseio.com/cli.json {"cloudBuildErrorAfter":1594252800000,"cloudBuildWarnAfter":1590019200000,"defaultNode10After":1594252800000,"minVersion":"3.0.5","node8DeploysDisabledAfter":1613390400000,"node8RuntimeDisabledAfter":1615809600000,"node8WarnAfter":1600128000000}
[debug] [2022-11-08T23:20:19.992Z] <<< [apiv2][status] POST https://www.googleapis.com/oauth2/v3/token 200
[debug] [2022-11-08T23:20:19.993Z] <<< [apiv2][body] POST https://www.googleapis.com/oauth2/v3/token [omitted]
[debug] [2022-11-08T23:20:20.009Z] >>> [apiv2][query] POST https://cloudresourcemanager.googleapis.com/v1/projects/fds3sd:testIamPermissions [none]
[debug] [2022-11-08T23:20:20.009Z] >>> [apiv2][(partial)header] POST https://cloudresourcemanager.googleapis.com/v1/projects/fds3sd:testIamPermissions x-goog-quota-user=projects/fds3sd
[debug] [2022-11-08T23:20:20.009Z] >>> [apiv2][body] POST https://cloudresourcemanager.googleapis.com/v1/projects/fds3sd:testIamPermissions {"permissions":["cloudfunctions.functions.create","cloudfunctions.functions.delete","cloudfunctions.functions.get","cloudfunctions.functions.list","cloudfunctions.functions.update","cloudfunctions.operations.get","firebase.projects.get","firebasehosting.sites.update"]}
[debug] [2022-11-08T23:20:20.291Z] <<< [apiv2][status] POST https://cloudresourcemanager.googleapis.com/v1/projects/fds3sd:testIamPermissions 200
[debug] [2022-11-08T23:20:20.291Z] <<< [apiv2][body] POST https://cloudresourcemanager.googleapis.com/v1/projects/fds3sd:testIamPermissions {"permissions":["cloudfunctions.functions.create","cloudfunctions.functions.delete","cloudfunctions.functions.get","cloudfunctions.functions.list","cloudfunctions.functions.update","cloudfunctions.operations.get","firebase.projects.get","firebasehosting.sites.update"]}
[debug] [2022-11-08T23:20:20.292Z] >>> [apiv2][query] POST https://iam.googleapis.com/v1/projects/fds3sd/serviceAccounts/fds3sd@appspot.gserviceaccount.com:testIamPermissions [none]
[debug] [2022-11-08T23:20:20.292Z] >>> [apiv2][body] POST https://iam.googleapis.com/v1/projects/fds3sd/serviceAccounts/fds3sd@appspot.gserviceaccount.com:testIamPermissions {"permissions":["iam.serviceAccounts.actAs"]}
[debug] [2022-11-08T23:20:20.502Z] <<< [apiv2][status] POST https://iam.googleapis.com/v1/projects/fds3sd/serviceAccounts/fds3sd@appspot.gserviceaccount.com:testIamPermissions 200
[debug] [2022-11-08T23:20:20.502Z] <<< [apiv2][body] POST https://iam.googleapis.com/v1/projects/fds3sd/serviceAccounts/fds3sd@appspot.gserviceaccount.com:testIamPermissions {"permissions":["iam.serviceAccounts.actAs"]}
[debug] [2022-11-08T23:20:20.503Z] >>> [apiv2][query] GET https://firebase.googleapis.com/v1beta1/projects/fds3sd [none]
[debug] [2022-11-08T23:20:20.932Z] <<< [apiv2][status] GET https://firebase.googleapis.com/v1beta1/projects/fds3sd 200
[debug] [2022-11-08T23:20:20.932Z] <<< [apiv2][body] GET https://firebase.googleapis.com/v1beta1/projects/fds3sd {"projectId":"fds3sd","projectNumber":"302211709274","displayName":"fds3sd","name":"projects/fds3sd","resources":{"hostingSite":"fds3sd","realtimeDatabaseInstance":"fds3sd","storageBucket":"fds3sd.appspot.com","locationId":"us-central"},"state":"ACTIVE","etag":"1_016050fd-d84e-433d-a4e3-8c3d3b4ca686"}
[info] 
[info] === Deploying to 'fds3sd'...
[info] 
[info] i  deploying functions, hosting 
[info] Running command: npm run build
[info] ✔  hosting: Finished running predeploy script. 
[debug] [2022-11-08T23:20:23.685Z] >>> [apiv2][query] GET https://firebase.googleapis.com/v1beta1/projects/fds3sd [none]
[debug] [2022-11-08T23:20:24.105Z] <<< [apiv2][status] GET https://firebase.googleapis.com/v1beta1/projects/fds3sd 200
[debug] [2022-11-08T23:20:24.105Z] <<< [apiv2][body] GET https://firebase.googleapis.com/v1beta1/projects/fds3sd {"projectId":"fds3sd","projectNumber":"302211709274","displayName":"fds3sd","name":"projects/fds3sd","resources":{"hostingSite":"fds3sd","realtimeDatabaseInstance":"fds3sd","storageBucket":"fds3sd.appspot.com","locationId":"us-central"},"state":"ACTIVE","etag":"1_016050fd-d84e-433d-a4e3-8c3d3b4ca686"}
[info] i  functions: ensuring required API cloudfunctions.googleapis.com is enabled... 
[info] i  functions: ensuring required API cloudbuild.googleapis.com is enabled... 
[info] i  artifactregistry: ensuring required API artifactregistry.googleapis.com is enabled... 
[debug] [2022-11-08T23:20:24.106Z] >>> [apiv2][query] GET https://serviceusage.googleapis.com/v1/projects/fds3sd/services/cloudfunctions.googleapis.com [none]
[debug] [2022-11-08T23:20:24.107Z] >>> [apiv2][query] GET https://serviceusage.googleapis.com/v1/projects/fds3sd/services/runtimeconfig.googleapis.com [none]
[debug] [2022-11-08T23:20:24.107Z] >>> [apiv2][query] GET https://serviceusage.googleapis.com/v1/projects/fds3sd/services/cloudbuild.googleapis.com [none]
[debug] [2022-11-08T23:20:24.108Z] >>> [apiv2][query] GET https://serviceusage.googleapis.com/v1/projects/fds3sd/services/artifactregistry.googleapis.com [none]
[debug] [2022-11-08T23:20:24.622Z] <<< [apiv2][status] GET https://serviceusage.googleapis.com/v1/projects/fds3sd/services/runtimeconfig.googleapis.com 200
[debug] [2022-11-08T23:20:24.622Z] <<< [apiv2][body] GET https://serviceusage.googleapis.com/v1/projects/fds3sd/services/runtimeconfig.googleapis.com [omitted]
[debug] [2022-11-08T23:20:24.622Z] <<< [apiv2][status] GET https://serviceusage.googleapis.com/v1/projects/fds3sd/services/artifactregistry.googleapis.com 200
[debug] [2022-11-08T23:20:24.622Z] <<< [apiv2][body] GET https://serviceusage.googleapis.com/v1/projects/fds3sd/services/artifactregistry.googleapis.com [omitted]
[info] ✔  artifactregistry: required API artifactregistry.googleapis.com is enabled 
[debug] [2022-11-08T23:20:24.624Z] <<< [apiv2][status] GET https://serviceusage.googleapis.com/v1/projects/fds3sd/services/cloudbuild.googleapis.com 200
[debug] [2022-11-08T23:20:24.624Z] <<< [apiv2][body] GET https://serviceusage.googleapis.com/v1/projects/fds3sd/services/cloudbuild.googleapis.com [omitted]
[info] ✔  functions: required API cloudbuild.googleapis.com is enabled 
[debug] [2022-11-08T23:20:24.625Z] <<< [apiv2][status] GET https://serviceusage.googleapis.com/v1/projects/fds3sd/services/cloudfunctions.googleapis.com 200
[debug] [2022-11-08T23:20:24.625Z] <<< [apiv2][body] GET https://serviceusage.googleapis.com/v1/projects/fds3sd/services/cloudfunctions.googleapis.com [omitted]
[info] ✔  functions: required API cloudfunctions.googleapis.com is enabled 
[debug] [2022-11-08T23:20:24.625Z] >>> [apiv2][query] GET https://firebase.googleapis.com/v1beta1/projects/fds3sd/adminSdkConfig [none]
[debug] [2022-11-08T23:20:24.960Z] <<< [apiv2][status] GET https://firebase.googleapis.com/v1beta1/projects/fds3sd/adminSdkConfig 200
[debug] [2022-11-08T23:20:24.960Z] <<< [apiv2][body] GET https://firebase.googleapis.com/v1beta1/projects/fds3sd/adminSdkConfig {"projectId":"fds3sd","databaseURL":"https://fds3sd.firebaseio.com","storageBucket":"fds3sd.appspot.com","locationId":"us-central"}
[debug] [2022-11-08T23:20:24.960Z] >>> [apiv2][query] GET https://runtimeconfig.googleapis.com/v1beta1/projects/fds3sd/configs [none]
[debug] [2022-11-08T23:20:25.194Z] <<< [apiv2][status] GET https://runtimeconfig.googleapis.com/v1beta1/projects/fds3sd/configs 200
[debug] [2022-11-08T23:20:25.194Z] <<< [apiv2][body] GET https://runtimeconfig.googleapis.com/v1beta1/projects/fds3sd/configs {}
[info] i  functions: preparing codebase default for deployment 
[debug] [2022-11-08T23:20:25.195Z] Validating nodejs source
[warn] ⚠  functions: package.json indicates an outdated version of firebase-functions. Please upgrade using npm install --save firebase-functions@latest in your functions directory. 
[warn] ⚠  functions: Please note that there will be breaking changes when you upgrade. 
[debug] [2022-11-08T23:20:25.948Z] > [functions] package.json contents: {
  "name": "functions",
  "description": "Cloud Functions for Firebase",
  "scripts": {
    "lint": "eslint .",
    "serve": "firebase emulators:start --only functions",
    "shell": "firebase functions:shell",
    "start": "npm run shell",
    "deploy": "firebase deploy --only functions",
    "logs": "firebase functions:log"
  },
  "engines": {
    "node": "16"
  },
  "main": "index.js",
  "dependencies": {
    "firebase-admin": "^9.8.0",
    "firebase-functions": "^3.14.1"
  },
  "devDependencies": {
    "eslint": "^7.6.0",
    "eslint-config-google": "^0.14.0",
    "firebase-functions-test": "^0.2.0"
  },
  "private": true
}
[debug] [2022-11-08T23:20:25.948Z] Building nodejs source
[debug] [2022-11-08T23:20:25.949Z] Could not find functions.yaml. Must use http discovery
[debug] [2022-11-08T23:20:26.096Z] Serving at port 9005

[debug] [2022-11-08T23:20:26.133Z] Got response from /__/functions.yaml {"endpoints":{"ssrServer":{"platform":"gcfv1","region":["us-central1"],"httpsTrigger":{},"entryPoint":"ssrServer"}},"specVersion":"v1alpha1","requiredAPIs":[]}
[debug] [2022-11-08T23:20:26.137Z] shutdown requested via /__/quitquitquit

[info] i  functions: preparing functions directory for uploading... 
[info] i  functions: packaged /Users/leo/Projects/svelte/my-app/functions (301.9 KB) for uploading 
[debug] [2022-11-08T23:20:26.177Z] >>> [apiv2][query] GET https://cloudfunctions.googleapis.com/v1/projects/fds3sd/locations/-/functions [none]
[debug] [2022-11-08T23:20:26.767Z] <<< [apiv2][status] GET https://cloudfunctions.googleapis.com/v1/projects/fds3sd/locations/-/functions 200
[debug] [2022-11-08T23:20:26.767Z] <<< [apiv2][body] GET https://cloudfunctions.googleapis.com/v1/projects/fds3sd/locations/-/functions {"functions":[{"name":"projects/fds3sd/locations/us-central1/functions/ssrServer","httpsTrigger":{"url":"https://us-central1-fds3sd.cloudfunctions.net/ssrServer","securityLevel":"SECURE_OPTIONAL"},"status":"ACTIVE","entryPoint":"ssrServer","timeout":"60s","availableMemoryMb":256,"serviceAccountEmail":"fds3sd@appspot.gserviceaccount.com","updateTime":"2022-10-25T02:21:38.193Z","versionId":"24","labels":{"deployment-tool":"cli-firebase"},"sourceUploadUrl":"https://storage.googleapis.com/uploads-226200124409.us-central1.cloudfunctions.appspot.com/aba7addd-5cd2-4f60-b20e-720667918989.zip","environmentVariables":{"FIREBASE_CONFIG":"{\"projectId\":\"fds3sd\",\"databaseURL\":\"https://fds3sd.firebaseio.com\",\"storageBucket\":\"fds3sd.appspot.com\",\"locationId\":\"us-central\"}","GCLOUD_PROJECT":"fds3sd"},"runtime":"nodejs16","ingressSettings":"ALLOW_ALL","buildId":"6f20591b-b6de-4818-b62d-3b7169ba0e04","buildName":"projects/302211709274/locations/us-central1/builds/6f20591b-b6de-4818-b62d-3b7169ba0e04","dockerRegistry":"ARTIFACT_REGISTRY"}]}
[debug] [2022-11-08T23:20:26.767Z] >>> [apiv2][query] GET https://cloudfunctions.googleapis.com/v2alpha/projects/fds3sd/locations/-/functions [none]
[debug] [2022-11-08T23:20:27.382Z] <<< [apiv2][status] GET https://cloudfunctions.googleapis.com/v2alpha/projects/fds3sd/locations/-/functions 200
[debug] [2022-11-08T23:20:27.382Z] <<< [apiv2][body] GET https://cloudfunctions.googleapis.com/v2alpha/projects/fds3sd/locations/-/functions {}
[debug] [2022-11-08T23:20:27.385Z] >>> [apiv2][query] GET https://firebase.googleapis.com/v1beta1/projects/fds3sd [none]
[debug] [2022-11-08T23:20:27.742Z] <<< [apiv2][status] GET https://firebase.googleapis.com/v1beta1/projects/fds3sd 200
[debug] [2022-11-08T23:20:27.742Z] <<< [apiv2][body] GET https://firebase.googleapis.com/v1beta1/projects/fds3sd {"projectId":"fds3sd","projectNumber":"302211709274","displayName":"fds3sd","name":"projects/fds3sd","resources":{"hostingSite":"fds3sd","realtimeDatabaseInstance":"fds3sd","storageBucket":"fds3sd.appspot.com","locationId":"us-central"},"state":"ACTIVE","etag":"1_016050fd-d84e-433d-a4e3-8c3d3b4ca686"}
[debug] [2022-11-08T23:20:27.744Z] >>> [apiv2][query] POST https://firebasehosting.googleapis.com/v1beta1/projects/302211709274/sites/fds3sd/versions [none]
[debug] [2022-11-08T23:20:27.744Z] >>> [apiv2][body] POST https://firebasehosting.googleapis.com/v1beta1/projects/302211709274/sites/fds3sd/versions {"config":{"rewrites":[{"glob":"**","function":"ssrServer","functionRegion":"us-central1"}]},"labels":{"deployment-tool":"cli-firebase"}}
[debug] [2022-11-08T23:20:28.511Z] <<< [apiv2][status] POST https://firebasehosting.googleapis.com/v1beta1/projects/302211709274/sites/fds3sd/versions 200
[debug] [2022-11-08T23:20:28.511Z] <<< [apiv2][body] POST https://firebasehosting.googleapis.com/v1beta1/projects/302211709274/sites/fds3sd/versions {"name":"projects/302211709274/sites/fds3sd/versions/d661fc5830bd81a0","status":"CREATED","config":{"rewrites":[{"functionRegion":"us-central1","glob":"**","function":"ssrServer"}]},"labels":{"deployment-tool":"cli-firebase"}}
[debug] [2022-11-08T23:20:28.511Z] >>> [apiv2][query] POST https://cloudfunctions.googleapis.com/v1/projects/fds3sd/locations/us-central1/functions:generateUploadUrl [none]
[debug] [2022-11-08T23:20:28.511Z] >>> [apiv2][body] POST https://cloudfunctions.googleapis.com/v1/projects/fds3sd/locations/us-central1/functions:generateUploadUrl {}
[debug] [2022-11-08T23:20:28.968Z] <<< [apiv2][status] POST https://cloudfunctions.googleapis.com/v1/projects/fds3sd/locations/us-central1/functions:generateUploadUrl 200
[debug] [2022-11-08T23:20:28.968Z] <<< [apiv2][body] POST https://cloudfunctions.googleapis.com/v1/projects/fds3sd/locations/us-central1/functions:generateUploadUrl {"uploadUrl":"https://storage.googleapis.com/uploads-226200124409.us-central1.cloudfunctions.appspot.com/4a64ecf6-5b61-46ec-84da-45092b07ecb9.zip?GoogleAccessId=service-302211709274@gcf-admin-robot.iam.gserviceaccount.com&Expires=1667951428&Signature=kUECqU2vzdhTcuXojRWXOgk4U%2F54bDttMQoEv7eBE75vAcpWZqP9D1Hoa3lP1Nbozpd%2FL2oVmAVanFic%2B2BRA0FNwA4Ow9f0xQfKvYNJTL9yuCZTitOzqUJ6YzcLL7YuedVgwLWhe5PtsbHW2oyUYDoqUvz5SvirMRsvoYxvsX%2BoTwlkrB5MFQWXW63oQnYFWe%2FxSnwGvv6m0f1xgov6ajTzlL7bwYDkzGKlp6XArb5O63jUWdX%2FI%2FLHLq187%2FIAyISbHSihjWKoj%2BHEvRGeGXHyjoCoWcgo%2B6LFvBygDezlCQKqZbAwNoOaXsAYGG%2BGnavxpoHvzLqWvRStWnFxEg%3D%3D"}
[debug] [2022-11-08T23:20:28.969Z] >>> [apiv2][query] PUT https://storage.googleapis.com/uploads-226200124409.us-central1.cloudfunctions.appspot.com/4a64ecf6-5b61-46ec-84da-45092b07ecb9.zip GoogleAccessId=service-302211709274%40gcf-admin-robot.iam.gserviceaccount.com&Expires=1667951428&Signature=kUECqU2vzdhTcuXojRWXOgk4U%2F54bDttMQoEv7eBE75vAcpWZqP9D1Hoa3lP1Nbozpd%2FL2oVmAVanFic%2B2BRA0FNwA4Ow9f0xQfKvYNJTL9yuCZTitOzqUJ6YzcLL7YuedVgwLWhe5PtsbHW2oyUYDoqUvz5SvirMRsvoYxvsX%2BoTwlkrB5MFQWXW63oQnYFWe%2FxSnwGvv6m0f1xgov6ajTzlL7bwYDkzGKlp6XArb5O63jUWdX%2FI%2FLHLq187%2FIAyISbHSihjWKoj%2BHEvRGeGXHyjoCoWcgo%2B6LFvBygDezlCQKqZbAwNoOaXsAYGG%2BGnavxpoHvzLqWvRStWnFxEg%3D%3D
[debug] [2022-11-08T23:20:28.969Z] >>> [apiv2][body] PUT https://storage.googleapis.com/uploads-226200124409.us-central1.cloudfunctions.appspot.com/4a64ecf6-5b61-46ec-84da-45092b07ecb9.zip [stream]
[debug] [2022-11-08T23:20:29.321Z] <<< [apiv2][status] PUT https://storage.googleapis.com/uploads-226200124409.us-central1.cloudfunctions.appspot.com/4a64ecf6-5b61-46ec-84da-45092b07ecb9.zip 200
[debug] [2022-11-08T23:20:29.321Z] <<< [apiv2][body] PUT https://storage.googleapis.com/uploads-226200124409.us-central1.cloudfunctions.appspot.com/4a64ecf6-5b61-46ec-84da-45092b07ecb9.zip [omitted]
[info] ✔  functions: functions folder uploaded successfully 
[info] i  hosting[fds3sd]: beginning deploy... 
[info] i  hosting[fds3sd]: found 31 files in public 
[debug] [2022-11-08T23:20:29.326Z] [hosting] uploading with 200 concurrency
[debug] [2022-11-08T23:20:29.355Z] [hosting] hash cache [cHVibGlj] stored for 31 files
[debug] [2022-11-08T23:20:29.355Z] [hosting][hash queue][FINAL] {"max":23,"min":4,"avg":4.838709677419356,"active":0,"complete":31,"success":31,"errored":0,"retried":0,"total":31,"elapsed":27}
[debug] [2022-11-08T23:20:29.355Z] >>> [apiv2][query] POST https://firebasehosting.googleapis.com/v1beta1/projects/302211709274/sites/fds3sd/versions/d661fc5830bd81a0:populateFiles [none]
[debug] [2022-11-08T23:20:29.355Z] >>> [apiv2][body] POST https://firebasehosting.googleapis.com/v1beta1/projects/302211709274/sites/fds3sd/versions/d661fc5830bd81a0:populateFiles {"files":{"/_app/version.json":"0522929015eacbc961c8a01a8892c8cb22b7db665677d688568a92fd6f2f82e2","/vite-manifest.json":"cb543f5f65bbd8ecdbdd2f1a13363e8745e18ec2c7ae6bcc00f04610a6b9e147","/_app/immutable/assets/_layout-5a7537a1.css":"98a3c38ade42f2f8713d8726dda6e73a0f4a782c4d36227559ccd842f2cc7483","/_app/immutable/assets/_page-a87a3290.css":"2d8a2f22f8ad96780c784f26185868156ef56ebe0427b6908a910478728edfd8","/_app/immutable/chunks/1-464cbb40.js":"63252dfa752d0312feb0b59e5d7a8b2bd6354070493c254015e702cfca53b20d","/_app/immutable/chunks/2-d2394ee7.js":"b9e4407efa84f7255d5e7241f5746b5bd33a6c476b4f510f9c9ffe78d7ca9a6a","/_app/immutable/chunks/3-dd337c62.js":"f9941132503d7ea8bd84f0b3d83c1c14b9a04c53b43f6835c8446d6796de0dd7","/_app/immutable/chunks/0-d9a0e93f.js":"8d7450c92000c2e20b30f41e10c6dc4a4dd27ed7ffde165e4b6d504b2edd31b5","/_app/immutable/chunks/4-b81ddb91.js":"a9601af197963613b07a01f990e4b9447a913d3d20b36309d7848c6826d65f4d","/_app/immutable/chunks/5-2fdd04bd.js":"837b78bf893019b721649293fb6f4fa21be3d2214274c83ac8ff6be8aa8b116c","/_app/immutable/chunks/6-3a49ae6b.js":"6e2436fb9cdc4054a2e2af8fe0a299bf973c24af02c8a77b392d3146ca0355f9","/_app/immutable/chunks/7-0fd504d8.js":"3ab04231369fbb1e4b082a6cea8601493f27b6e9fb880a8659fa4cae97789502","/_app/immutable/chunks/_page-00e8b21f.js":"1e2b2ab89d89ee74c8144d46eb7775fb92f3628784077a0630e2b8fb55d35fad","/_app/immutable/chunks/post-703f9fcc.js":"1ec9d815276eddcbcc39b3214b7b748e00ef07e8c75b807598e58d6eb2bedf98","/_app/immutable/chunks/index-dcb258cc.js":"4b32a79e92a4088dfc2bc3bbbec45951ea463305eee2c6096b01e1500b8cf692","/_app/immutable/chunks/preload-helper-aa6bc0ce.js":"27293794d825a90dc4f091bf951cc1d1fd6777f689e01d25ce8fe6683e98fb17","/_app/immutable/chunks/singletons-2e0c3c5a.js":"3639dc9cba3594d9dd0110cc84bee49a21a9eb661d141d456afd256e2309c9ef","/_app/immutable/components/error.svelte-930643ef.js":"65db8e7cd4edafa8ff130cbbd50e61596924920cc0eec3b98af6d718c4caabdd","/_app/immutable/start-485b7cf0.js":"bc27b731cb1202c2b9a70be4a1ea557d535a52207b55fbe81476423e9d995146","/_app/immutable/components/pages/_layout.svelte-2f4a2ee4.js":"3e36ef63f212ca267da044f15edbcc4acec764ba6df65defa58ed7fe12283d43","/_app/immutable/components/pages/_page.svelte-9f51a36d.js":"5f484d29443ede6e86c63a0da9fda3971a3ea49c824801c5faf7c7310d4c56e4","/_app/immutable/components/pages/blog/_page.svelte-4f43c08f.js":"54465bdbc62f4a7e3df78a6e417dc174480fd72d82050996a3977760f4860732","/_app/immutable/components/pages/blog/loneliness/_page.md-9ddaa536.js":"c98f0c9ed3cc81e3997d40d7929719ac6964a9ea6e48ec339cc2de07e9c5180e","/_app/immutable/components/pages/blog/first-post/_page.md-919f8be9.js":"2b4a415093098c8881e8e099b25c838938f2fd52073045f477d08774378ef55b","/_app/immutable/modules/pages/blog/_page.ts-968936b0.js":"0e13a1a084d2b5852dbceb5807abf9092d02adda4ac42cdaf79afa1286173728","/_app/immutable/components/pages/portfolio/_page.svelte-de4b369c.js":"17af6b423993d841237bcaaa18d881b145ba5e67d76594e3eadd8b0809a0455d","/_app/immutable/components/pages/blog/stargazing/_page.md-52f2b4a9.js":"acc76a6ef835ecac2b585def97d242de31a8d2042ce1f93e920e9190d48ae419","/favicon.png":"618221e85841175a1710f5f2d63e2a328994a5a5dcdfd899b699530854a52794","/_app/immutable/chunks/marked.esm-54748e82.js":"f31a1ce71557f35a28c8cee20f7998630bc840f85ecbc917ae83d52e0dbde7be","/93c8cffd4e68e8b6ca34e6ac8d0c6d78.png":"618221e85841175a1710f5f2d63e2a328994a5a5dcdfd899b699530854a52794","/face.png":"e5b614da7fef8fc87b0f688749daaff3fa9be2af3bec75dd9b20cfbd5bfdfba4"}}
[debug] [2022-11-08T23:20:29.848Z] <<< [apiv2][status] POST https://firebasehosting.googleapis.com/v1beta1/projects/302211709274/sites/fds3sd/versions/d661fc5830bd81a0:populateFiles 200
[debug] [2022-11-08T23:20:29.849Z] <<< [apiv2][body] POST https://firebasehosting.googleapis.com/v1beta1/projects/302211709274/sites/fds3sd/versions/d661fc5830bd81a0:populateFiles {"uploadRequiredHashes":["8d7450c92000c2e20b30f41e10c6dc4a4dd27ed7ffde165e4b6d504b2edd31b5","3e36ef63f212ca267da044f15edbcc4acec764ba6df65defa58ed7fe12283d43","65db8e7cd4edafa8ff130cbbd50e61596924920cc0eec3b98af6d718c4caabdd","f9941132503d7ea8bd84f0b3d83c1c14b9a04c53b43f6835c8446d6796de0dd7","63252dfa752d0312feb0b59e5d7a8b2bd6354070493c254015e702cfca53b20d","0522929015eacbc961c8a01a8892c8cb22b7db665677d688568a92fd6f2f82e2","bc27b731cb1202c2b9a70be4a1ea557d535a52207b55fbe81476423e9d995146","cb543f5f65bbd8ecdbdd2f1a13363e8745e18ec2c7ae6bcc00f04610a6b9e147","54465bdbc62f4a7e3df78a6e417dc174480fd72d82050996a3977760f4860732","3639dc9cba3594d9dd0110cc84bee49a21a9eb661d141d456afd256e2309c9ef"],"uploadUrl":"https://upload-firebasehosting.googleapis.com/upload/sites/fds3sd/versions/d661fc5830bd81a0/files"}
[debug] [2022-11-08T23:20:29.849Z] >>> [apiv2][query] POST https://upload-firebasehosting.googleapis.com/upload/sites/fds3sd/versions/d661fc5830bd81a0/files/8d7450c92000c2e20b30f41e10c6dc4a4dd27ed7ffde165e4b6d504b2edd31b5 [none]
[debug] [2022-11-08T23:20:29.849Z] >>> [apiv2][body] POST https://upload-firebasehosting.googleapis.com/upload/sites/fds3sd/versions/d661fc5830bd81a0/files/8d7450c92000c2e20b30f41e10c6dc4a4dd27ed7ffde165e4b6d504b2edd31b5 [stream]
[debug] [2022-11-08T23:20:29.850Z] >>> [apiv2][query] POST https://upload-firebasehosting.googleapis.com/upload/sites/fds3sd/versions/d661fc5830bd81a0/files/3e36ef63f212ca267da044f15edbcc4acec764ba6df65defa58ed7fe12283d43 [none]
[debug] [2022-11-08T23:20:29.850Z] >>> [apiv2][body] POST https://upload-firebasehosting.googleapis.com/upload/sites/fds3sd/versions/d661fc5830bd81a0/files/3e36ef63f212ca267da044f15edbcc4acec764ba6df65defa58ed7fe12283d43 [stream]
[debug] [2022-11-08T23:20:29.850Z] >>> [apiv2][query] POST https://upload-firebasehosting.googleapis.com/upload/sites/fds3sd/versions/d661fc5830bd81a0/files/65db8e7cd4edafa8ff130cbbd50e61596924920cc0eec3b98af6d718c4caabdd [none]
[debug] [2022-11-08T23:20:29.850Z] >>> [apiv2][body] POST https://upload-firebasehosting.googleapis.com/upload/sites/fds3sd/versions/d661fc5830bd81a0/files/65db8e7cd4edafa8ff130cbbd50e61596924920cc0eec3b98af6d718c4caabdd [stream]
[debug] [2022-11-08T23:20:29.850Z] >>> [apiv2][query] POST https://upload-firebasehosting.googleapis.com/upload/sites/fds3sd/versions/d661fc5830bd81a0/files/f9941132503d7ea8bd84f0b3d83c1c14b9a04c53b43f6835c8446d6796de0dd7 [none]
[debug] [2022-11-08T23:20:29.850Z] >>> [apiv2][body] POST https://upload-firebasehosting.googleapis.com/upload/sites/fds3sd/versions/d661fc5830bd81a0/files/f9941132503d7ea8bd84f0b3d83c1c14b9a04c53b43f6835c8446d6796de0dd7 [stream]
[debug] [2022-11-08T23:20:29.851Z] >>> [apiv2][query] POST https://upload-firebasehosting.googleapis.com/upload/sites/fds3sd/versions/d661fc5830bd81a0/files/63252dfa752d0312feb0b59e5d7a8b2bd6354070493c254015e702cfca53b20d [none]
[debug] [2022-11-08T23:20:29.851Z] >>> [apiv2][body] POST https://upload-firebasehosting.googleapis.com/upload/sites/fds3sd/versions/d661fc5830bd81a0/files/63252dfa752d0312feb0b59e5d7a8b2bd6354070493c254015e702cfca53b20d [stream]
[debug] [2022-11-08T23:20:29.851Z] >>> [apiv2][query] POST https://upload-firebasehosting.googleapis.com/upload/sites/fds3sd/versions/d661fc5830bd81a0/files/0522929015eacbc961c8a01a8892c8cb22b7db665677d688568a92fd6f2f82e2 [none]
[debug] [2022-11-08T23:20:29.851Z] >>> [apiv2][body] POST https://upload-firebasehosting.googleapis.com/upload/sites/fds3sd/versions/d661fc5830bd81a0/files/0522929015eacbc961c8a01a8892c8cb22b7db665677d688568a92fd6f2f82e2 [stream]
[debug] [2022-11-08T23:20:29.851Z] >>> [apiv2][query] POST https://upload-firebasehosting.googleapis.com/upload/sites/fds3sd/versions/d661fc5830bd81a0/files/bc27b731cb1202c2b9a70be4a1ea557d535a52207b55fbe81476423e9d995146 [none]
[debug] [2022-11-08T23:20:29.851Z] >>> [apiv2][body] POST https://upload-firebasehosting.googleapis.com/upload/sites/fds3sd/versions/d661fc5830bd81a0/files/bc27b731cb1202c2b9a70be4a1ea557d535a52207b55fbe81476423e9d995146 [stream]
[debug] [2022-11-08T23:20:29.851Z] >>> [apiv2][query] POST https://upload-firebasehosting.googleapis.com/upload/sites/fds3sd/versions/d661fc5830bd81a0/files/cb543f5f65bbd8ecdbdd2f1a13363e8745e18ec2c7ae6bcc00f04610a6b9e147 [none]
[debug] [2022-11-08T23:20:29.851Z] >>> [apiv2][body] POST https://upload-firebasehosting.googleapis.com/upload/sites/fds3sd/versions/d661fc5830bd81a0/files/cb543f5f65bbd8ecdbdd2f1a13363e8745e18ec2c7ae6bcc00f04610a6b9e147 [stream]
[debug] [2022-11-08T23:20:29.851Z] >>> [apiv2][query] POST https://upload-firebasehosting.googleapis.com/upload/sites/fds3sd/versions/d661fc5830bd81a0/files/54465bdbc62f4a7e3df78a6e417dc174480fd72d82050996a3977760f4860732 [none]
[debug] [2022-11-08T23:20:29.851Z] >>> [apiv2][body] POST https://upload-firebasehosting.googleapis.com/upload/sites/fds3sd/versions/d661fc5830bd81a0/files/54465bdbc62f4a7e3df78a6e417dc174480fd72d82050996a3977760f4860732 [stream]
[debug] [2022-11-08T23:20:29.851Z] >>> [apiv2][query] POST https://upload-firebasehosting.googleapis.com/upload/sites/fds3sd/versions/d661fc5830bd81a0/files/3639dc9cba3594d9dd0110cc84bee49a21a9eb661d141d456afd256e2309c9ef [none]
[debug] [2022-11-08T23:20:29.851Z] >>> [apiv2][body] POST https://upload-firebasehosting.googleapis.com/upload/sites/fds3sd/versions/d661fc5830bd81a0/files/3639dc9cba3594d9dd0110cc84bee49a21a9eb661d141d456afd256e2309c9ef [stream]
[debug] [2022-11-08T23:20:29.852Z] [hosting][populate queue][FINAL] {"max":498,"min":498,"avg":498,"active":0,"complete":1,"success":1,"errored":0,"retried":0,"total":1,"elapsed":501}
[debug] [2022-11-08T23:20:29.852Z] [hosting] uploads queued: 10
[debug] [2022-11-08T23:20:30.559Z] <<< [apiv2][status] POST https://upload-firebasehosting.googleapis.com/upload/sites/fds3sd/versions/d661fc5830bd81a0/files/0522929015eacbc961c8a01a8892c8cb22b7db665677d688568a92fd6f2f82e2 200
[debug] [2022-11-08T23:20:30.559Z] <<< [apiv2][body] POST https://upload-firebasehosting.googleapis.com/upload/sites/fds3sd/versions/d661fc5830bd81a0/files/0522929015eacbc961c8a01a8892c8cb22b7db665677d688568a92fd6f2f82e2 [stream]
[debug] [2022-11-08T23:20:30.559Z] <<< [apiv2][status] POST https://upload-firebasehosting.googleapis.com/upload/sites/fds3sd/versions/d661fc5830bd81a0/files/63252dfa752d0312feb0b59e5d7a8b2bd6354070493c254015e702cfca53b20d 200
[debug] [2022-11-08T23:20:30.559Z] <<< [apiv2][body] POST https://upload-firebasehosting.googleapis.com/upload/sites/fds3sd/versions/d661fc5830bd81a0/files/63252dfa752d0312feb0b59e5d7a8b2bd6354070493c254015e702cfca53b20d [stream]
[debug] [2022-11-08T23:20:30.559Z] <<< [apiv2][status] POST https://upload-firebasehosting.googleapis.com/upload/sites/fds3sd/versions/d661fc5830bd81a0/files/54465bdbc62f4a7e3df78a6e417dc174480fd72d82050996a3977760f4860732 200
[debug] [2022-11-08T23:20:30.560Z] <<< [apiv2][body] POST https://upload-firebasehosting.googleapis.com/upload/sites/fds3sd/versions/d661fc5830bd81a0/files/54465bdbc62f4a7e3df78a6e417dc174480fd72d82050996a3977760f4860732 [stream]
[debug] [2022-11-08T23:20:30.586Z] <<< [apiv2][status] POST https://upload-firebasehosting.googleapis.com/upload/sites/fds3sd/versions/d661fc5830bd81a0/files/8d7450c92000c2e20b30f41e10c6dc4a4dd27ed7ffde165e4b6d504b2edd31b5 200
[debug] [2022-11-08T23:20:30.586Z] <<< [apiv2][body] POST https://upload-firebasehosting.googleapis.com/upload/sites/fds3sd/versions/d661fc5830bd81a0/files/8d7450c92000c2e20b30f41e10c6dc4a4dd27ed7ffde165e4b6d504b2edd31b5 [stream]
[debug] [2022-11-08T23:20:30.617Z] <<< [apiv2][status] POST https://upload-firebasehosting.googleapis.com/upload/sites/fds3sd/versions/d661fc5830bd81a0/files/65db8e7cd4edafa8ff130cbbd50e61596924920cc0eec3b98af6d718c4caabdd 200
[debug] [2022-11-08T23:20:30.617Z] <<< [apiv2][body] POST https://upload-firebasehosting.googleapis.com/upload/sites/fds3sd/versions/d661fc5830bd81a0/files/65db8e7cd4edafa8ff130cbbd50e61596924920cc0eec3b98af6d718c4caabdd [stream]
[debug] [2022-11-08T23:20:30.626Z] <<< [apiv2][status] POST https://upload-firebasehosting.googleapis.com/upload/sites/fds3sd/versions/d661fc5830bd81a0/files/cb543f5f65bbd8ecdbdd2f1a13363e8745e18ec2c7ae6bcc00f04610a6b9e147 200
[debug] [2022-11-08T23:20:30.626Z] <<< [apiv2][body] POST https://upload-firebasehosting.googleapis.com/upload/sites/fds3sd/versions/d661fc5830bd81a0/files/cb543f5f65bbd8ecdbdd2f1a13363e8745e18ec2c7ae6bcc00f04610a6b9e147 [stream]
[debug] [2022-11-08T23:20:30.657Z] <<< [apiv2][status] POST https://upload-firebasehosting.googleapis.com/upload/sites/fds3sd/versions/d661fc5830bd81a0/files/3639dc9cba3594d9dd0110cc84bee49a21a9eb661d141d456afd256e2309c9ef 200
[debug] [2022-11-08T23:20:30.657Z] <<< [apiv2][body] POST https://upload-firebasehosting.googleapis.com/upload/sites/fds3sd/versions/d661fc5830bd81a0/files/3639dc9cba3594d9dd0110cc84bee49a21a9eb661d141d456afd256e2309c9ef [stream]
[debug] [2022-11-08T23:20:30.664Z] <<< [apiv2][status] POST https://upload-firebasehosting.googleapis.com/upload/sites/fds3sd/versions/d661fc5830bd81a0/files/f9941132503d7ea8bd84f0b3d83c1c14b9a04c53b43f6835c8446d6796de0dd7 200
[debug] [2022-11-08T23:20:30.664Z] <<< [apiv2][body] POST https://upload-firebasehosting.googleapis.com/upload/sites/fds3sd/versions/d661fc5830bd81a0/files/f9941132503d7ea8bd84f0b3d83c1c14b9a04c53b43f6835c8446d6796de0dd7 [stream]
[debug] [2022-11-08T23:20:30.687Z] <<< [apiv2][status] POST https://upload-firebasehosting.googleapis.com/upload/sites/fds3sd/versions/d661fc5830bd81a0/files/3e36ef63f212ca267da044f15edbcc4acec764ba6df65defa58ed7fe12283d43 200
[debug] [2022-11-08T23:20:30.687Z] <<< [apiv2][body] POST https://upload-firebasehosting.googleapis.com/upload/sites/fds3sd/versions/d661fc5830bd81a0/files/3e36ef63f212ca267da044f15edbcc4acec764ba6df65defa58ed7fe12283d43 [stream]
[debug] [2022-11-08T23:20:30.694Z] <<< [apiv2][status] POST https://upload-firebasehosting.googleapis.com/upload/sites/fds3sd/versions/d661fc5830bd81a0/files/bc27b731cb1202c2b9a70be4a1ea557d535a52207b55fbe81476423e9d995146 200
[debug] [2022-11-08T23:20:30.694Z] <<< [apiv2][body] POST https://upload-firebasehosting.googleapis.com/upload/sites/fds3sd/versions/d661fc5830bd81a0/files/bc27b731cb1202c2b9a70be4a1ea557d535a52207b55fbe81476423e9d995146 [stream]
[debug] [2022-11-08T23:20:30.694Z] [hosting][upload queue][FINAL] {"max":845,"min":710,"avg":771.9,"active":0,"complete":10,"success":10,"errored":0,"retried":0,"total":10,"elapsed":845}
[info] ✔  hosting[fds3sd]: file upload complete 
[debug] [2022-11-08T23:20:30.694Z] [hosting] deploy completed after 1372ms
[info] i  functions: updating Node.js 16 function ssrServer(us-central1)... 
[debug] [2022-11-08T23:20:30.697Z] >>> [apiv2][query] PATCH https://cloudfunctions.googleapis.com/v1/projects/fds3sd/locations/us-central1/functions/ssrServer updateMask=name%2CsourceUploadUrl%2CentryPoint%2Cruntime%2CdockerRegistry%2Clabels%2ChttpsTrigger.securityLevel%2CenvironmentVariables%2CavailableMemoryMb%2CsourceToken
[debug] [2022-11-08T23:20:30.697Z] >>> [apiv2][body] PATCH https://cloudfunctions.googleapis.com/v1/projects/fds3sd/locations/us-central1/functions/ssrServer {"name":"projects/fds3sd/locations/us-central1/functions/ssrServer","sourceUploadUrl":"https://storage.googleapis.com/uploads-226200124409.us-central1.cloudfunctions.appspot.com/4a64ecf6-5b61-46ec-84da-45092b07ecb9.zip?GoogleAccessId=service-302211709274@gcf-admin-robot.iam.gserviceaccount.com&Expires=1667951428&Signature=kUECqU2vzdhTcuXojRWXOgk4U%2F54bDttMQoEv7eBE75vAcpWZqP9D1Hoa3lP1Nbozpd%2FL2oVmAVanFic%2B2BRA0FNwA4Ow9f0xQfKvYNJTL9yuCZTitOzqUJ6YzcLL7YuedVgwLWhe5PtsbHW2oyUYDoqUvz5SvirMRsvoYxvsX%2BoTwlkrB5MFQWXW63oQnYFWe%2FxSnwGvv6m0f1xgov6ajTzlL7bwYDkzGKlp6XArb5O63jUWdX%2FI%2FLHLq187%2FIAyISbHSihjWKoj%2BHEvRGeGXHyjoCoWcgo%2B6LFvBygDezlCQKqZbAwNoOaXsAYGG%2BGnavxpoHvzLqWvRStWnFxEg%3D%3D","entryPoint":"ssrServer","runtime":"nodejs16","dockerRegistry":"ARTIFACT_REGISTRY","labels":{"deployment-tool":"cli-firebase"},"httpsTrigger":{"securityLevel":"SECURE_OPTIONAL"},"environmentVariables":{"FIREBASE_CONFIG":"{\"projectId\":\"fds3sd\",\"databaseURL\":\"https://fds3sd.firebaseio.com\",\"storageBucket\":\"fds3sd.appspot.com\",\"locationId\":\"us-central\"}","GCLOUD_PROJECT":"fds3sd"},"availableMemoryMb":256}
[debug] [2022-11-08T23:20:31.377Z] <<< [apiv2][status] PATCH https://cloudfunctions.googleapis.com/v1/projects/fds3sd/locations/us-central1/functions/ssrServer 200
[debug] [2022-11-08T23:20:31.377Z] <<< [apiv2][body] PATCH https://cloudfunctions.googleapis.com/v1/projects/fds3sd/locations/us-central1/functions/ssrServer {"name":"operations/ZmRzM3NkL3VzLWNlbnRyYWwxL3NzclNlcnZlci91YnR3d0JKeVRaZw","metadata":{"@type":"type.googleapis.com/google.cloud.functions.v1.OperationMetadataV1","target":"projects/fds3sd/locations/us-central1/functions/ssrServer","type":"UPDATE_FUNCTION","request":{"@type":"type.googleapis.com/google.cloud.functions.v1.CloudFunction","name":"projects/fds3sd/locations/us-central1/functions/ssrServer","httpsTrigger":{"url":"https://us-central1-fds3sd.cloudfunctions.net/ssrServer","securityLevel":"SECURE_OPTIONAL"},"status":"ACTIVE","entryPoint":"ssrServer","timeout":"60s","availableMemoryMb":256,"serviceAccountEmail":"fds3sd@appspot.gserviceaccount.com","updateTime":"2022-10-25T02:21:38.193Z","versionId":"24","labels":{"deployment-tool":"cli-firebase"},"sourceUploadUrl":"https://storage.googleapis.com/uploads-226200124409.us-central1.cloudfunctions.appspot.com/4a64ecf6-5b61-46ec-84da-45092b07ecb9.zip?GoogleAccessId=service-302211709274@gcf-admin-robot.iam.gserviceaccount.com&Expires=1667951428&Signature=kUECqU2vzdhTcuXojRWXOgk4U%2F54bDttMQoEv7eBE75vAcpWZqP9D1Hoa3lP1Nbozpd%2FL2oVmAVanFic%2B2BRA0FNwA4Ow9f0xQfKvYNJTL9yuCZTitOzqUJ6YzcLL7YuedVgwLWhe5PtsbHW2oyUYDoqUvz5SvirMRsvoYxvsX%2BoTwlkrB5MFQWXW63oQnYFWe%2FxSnwGvv6m0f1xgov6ajTzlL7bwYDkzGKlp6XArb5O63jUWdX%2FI%2FLHLq187%2FIAyISbHSihjWKoj%2BHEvRGeGXHyjoCoWcgo%2B6LFvBygDezlCQKqZbAwNoOaXsAYGG%2BGnavxpoHvzLqWvRStWnFxEg%3D%3D","environmentVariables":{"FIREBASE_CONFIG":"{\"projectId\":\"fds3sd\",\"databaseURL\":\"https://fds3sd.firebaseio.com\",\"storageBucket\":\"fds3sd.appspot.com\",\"locationId\":\"us-central\"}","GCLOUD_PROJECT":"fds3sd"},"runtime":"nodejs16","ingressSettings":"ALLOW_ALL","buildId":"6f20591b-b6de-4818-b62d-3b7169ba0e04","buildName":"projects/302211709274/locations/us-central1/builds/6f20591b-b6de-4818-b62d-3b7169ba0e04","dockerRegistry":"ARTIFACT_REGISTRY"},"versionId":"25","updateTime":"2022-11-08T23:20:31Z"}}
[debug] [2022-11-08T23:20:31.378Z] >>> [apiv2][query] GET https://cloudfunctions.googleapis.com/v1/operations/ZmRzM3NkL3VzLWNlbnRyYWwxL3NzclNlcnZlci91YnR3d0JKeVRaZw [none]
[debug] [2022-11-08T23:20:31.682Z] <<< [apiv2][status] GET https://cloudfunctions.googleapis.com/v1/operations/ZmRzM3NkL3VzLWNlbnRyYWwxL3NzclNlcnZlci91YnR3d0JKeVRaZw 200
[debug] [2022-11-08T23:20:31.682Z] <<< [apiv2][body] GET https://cloudfunctions.googleapis.com/v1/operations/ZmRzM3NkL3VzLWNlbnRyYWwxL3NzclNlcnZlci91YnR3d0JKeVRaZw {"name":"operations/ZmRzM3NkL3VzLWNlbnRyYWwxL3NzclNlcnZlci91YnR3d0JKeVRaZw","metadata":{"@type":"type.googleapis.com/google.cloud.functions.v1.OperationMetadataV1","target":"projects/fds3sd/locations/us-central1/functions/ssrServer","type":"UPDATE_FUNCTION","request":{"@type":"type.googleapis.com/google.cloud.functions.v1.CloudFunction","name":"projects/fds3sd/locations/us-central1/functions/ssrServer","httpsTrigger":{"url":"https://us-central1-fds3sd.cloudfunctions.net/ssrServer","securityLevel":"SECURE_OPTIONAL"},"status":"ACTIVE","entryPoint":"ssrServer","timeout":"60s","availableMemoryMb":256,"serviceAccountEmail":"fds3sd@appspot.gserviceaccount.com","updateTime":"2022-10-25T02:21:38.193Z","versionId":"24","labels":{"deployment-tool":"cli-firebase"},"sourceUploadUrl":"https://storage.googleapis.com/uploads-226200124409.us-central1.cloudfunctions.appspot.com/4a64ecf6-5b61-46ec-84da-45092b07ecb9.zip?GoogleAccessId=service-302211709274@gcf-admin-robot.iam.gserviceaccount.com&Expires=1667951428&Signature=kUECqU2vzdhTcuXojRWXOgk4U%2F54bDttMQoEv7eBE75vAcpWZqP9D1Hoa3lP1Nbozpd%2FL2oVmAVanFic%2B2BRA0FNwA4Ow9f0xQfKvYNJTL9yuCZTitOzqUJ6YzcLL7YuedVgwLWhe5PtsbHW2oyUYDoqUvz5SvirMRsvoYxvsX%2BoTwlkrB5MFQWXW63oQnYFWe%2FxSnwGvv6m0f1xgov6ajTzlL7bwYDkzGKlp6XArb5O63jUWdX%2FI%2FLHLq187%2FIAyISbHSihjWKoj%2BHEvRGeGXHyjoCoWcgo%2B6LFvBygDezlCQKqZbAwNoOaXsAYGG%2BGnavxpoHvzLqWvRStWnFxEg%3D%3D","environmentVariables":{"FIREBASE_CONFIG":"{\"projectId\":\"fds3sd\",\"databaseURL\":\"https://fds3sd.firebaseio.com\",\"storageBucket\":\"fds3sd.appspot.com\",\"locationId\":\"us-central\"}","GCLOUD_PROJECT":"fds3sd"},"runtime":"nodejs16","ingressSettings":"ALLOW_ALL","buildId":"6f20591b-b6de-4818-b62d-3b7169ba0e04","buildName":"projects/302211709274/locations/us-central1/builds/6f20591b-b6de-4818-b62d-3b7169ba0e04","dockerRegistry":"ARTIFACT_REGISTRY"},"versionId":"25","updateTime":"2022-11-08T23:20:31Z"}}
[debug] [2022-11-08T23:20:32.183Z] [update-default-us-central1-ssrServer] Retrying task index 0
[debug] [2022-11-08T23:20:32.183Z] >>> [apiv2][query] GET https://cloudfunctions.googleapis.com/v1/operations/ZmRzM3NkL3VzLWNlbnRyYWwxL3NzclNlcnZlci91YnR3d0JKeVRaZw [none]
[debug] [2022-11-08T23:20:32.504Z] <<< [apiv2][status] GET https://cloudfunctions.googleapis.com/v1/operations/ZmRzM3NkL3VzLWNlbnRyYWwxL3NzclNlcnZlci91YnR3d0JKeVRaZw 200
[debug] [2022-11-08T23:20:32.504Z] <<< [apiv2][body] GET https://cloudfunctions.googleapis.com/v1/operations/ZmRzM3NkL3VzLWNlbnRyYWwxL3NzclNlcnZlci91YnR3d0JKeVRaZw {"name":"operations/ZmRzM3NkL3VzLWNlbnRyYWwxL3NzclNlcnZlci91YnR3d0JKeVRaZw","metadata":{"@type":"type.googleapis.com/google.cloud.functions.v1.OperationMetadataV1","target":"projects/fds3sd/locations/us-central1/functions/ssrServer","type":"UPDATE_FUNCTION","request":{"@type":"type.googleapis.com/google.cloud.functions.v1.CloudFunction","name":"projects/fds3sd/locations/us-central1/functions/ssrServer","httpsTrigger":{"url":"https://us-central1-fds3sd.cloudfunctions.net/ssrServer","securityLevel":"SECURE_OPTIONAL"},"status":"ACTIVE","entryPoint":"ssrServer","timeout":"60s","availableMemoryMb":256,"serviceAccountEmail":"fds3sd@appspot.gserviceaccount.com","updateTime":"2022-10-25T02:21:38.193Z","versionId":"24","labels":{"deployment-tool":"cli-firebase"},"sourceUploadUrl":"https://storage.googleapis.com/uploads-226200124409.us-central1.cloudfunctions.appspot.com/4a64ecf6-5b61-46ec-84da-45092b07ecb9.zip?GoogleAccessId=service-302211709274@gcf-admin-robot.iam.gserviceaccount.com&Expires=1667951428&Signature=kUECqU2vzdhTcuXojRWXOgk4U%2F54bDttMQoEv7eBE75vAcpWZqP9D1Hoa3lP1Nbozpd%2FL2oVmAVanFic%2B2BRA0FNwA4Ow9f0xQfKvYNJTL9yuCZTitOzqUJ6YzcLL7YuedVgwLWhe5PtsbHW2oyUYDoqUvz5SvirMRsvoYxvsX%2BoTwlkrB5MFQWXW63oQnYFWe%2FxSnwGvv6m0f1xgov6ajTzlL7bwYDkzGKlp6XArb5O63jUWdX%2FI%2FLHLq187%2FIAyISbHSihjWKoj%2BHEvRGeGXHyjoCoWcgo%2B6LFvBygDezlCQKqZbAwNoOaXsAYGG%2BGnavxpoHvzLqWvRStWnFxEg%3D%3D","environmentVariables":{"FIREBASE_CONFIG":"{\"projectId\":\"fds3sd\",\"databaseURL\":\"https://fds3sd.firebaseio.com\",\"storageBucket\":\"fds3sd.appspot.com\",\"locationId\":\"us-central\"}","GCLOUD_PROJECT":"fds3sd"},"runtime":"nodejs16","ingressSettings":"ALLOW_ALL","buildId":"6f20591b-b6de-4818-b62d-3b7169ba0e04","buildName":"projects/302211709274/locations/us-central1/builds/6f20591b-b6de-4818-b62d-3b7169ba0e04","dockerRegistry":"ARTIFACT_REGISTRY"},"versionId":"25","updateTime":"2022-11-08T23:20:31Z","buildId":"c0fbd454-7c04-4148-ab59-b76f4d988490","buildName":"projects/302211709274/locations/us-central1/builds/c0fbd454-7c04-4148-ab59-b76f4d988490"}}
[debug] [2022-11-08T23:20:33.506Z] [update-default-us-central1-ssrServer] Retrying task index 0
[debug] [2022-11-08T23:20:33.507Z] >>> [apiv2][query] GET https://cloudfunctions.googleapis.com/v1/operations/ZmRzM3NkL3VzLWNlbnRyYWwxL3NzclNlcnZlci91YnR3d0JKeVRaZw [none]
[debug] [2022-11-08T23:20:33.709Z] <<< [apiv2][status] GET https://cloudfunctions.googleapis.com/v1/operations/ZmRzM3NkL3VzLWNlbnRyYWwxL3NzclNlcnZlci91YnR3d0JKeVRaZw 200
[debug] [2022-11-08T23:20:33.709Z] <<< [apiv2][body] GET https://cloudfunctions.googleapis.com/v1/operations/ZmRzM3NkL3VzLWNlbnRyYWwxL3NzclNlcnZlci91YnR3d0JKeVRaZw {"name":"operations/ZmRzM3NkL3VzLWNlbnRyYWwxL3NzclNlcnZlci91YnR3d0JKeVRaZw","metadata":{"@type":"type.googleapis.com/google.cloud.functions.v1.OperationMetadataV1","target":"projects/fds3sd/locations/us-central1/functions/ssrServer","type":"UPDATE_FUNCTION","request":{"@type":"type.googleapis.com/google.cloud.functions.v1.CloudFunction","name":"projects/fds3sd/locations/us-central1/functions/ssrServer","httpsTrigger":{"url":"https://us-central1-fds3sd.cloudfunctions.net/ssrServer","securityLevel":"SECURE_OPTIONAL"},"status":"ACTIVE","entryPoint":"ssrServer","timeout":"60s","availableMemoryMb":256,"serviceAccountEmail":"fds3sd@appspot.gserviceaccount.com","updateTime":"2022-10-25T02:21:38.193Z","versionId":"24","labels":{"deployment-tool":"cli-firebase"},"sourceUploadUrl":"https://storage.googleapis.com/uploads-226200124409.us-central1.cloudfunctions.appspot.com/4a64ecf6-5b61-46ec-84da-45092b07ecb9.zip?GoogleAccessId=service-302211709274@gcf-admin-robot.iam.gserviceaccount.com&Expires=1667951428&Signature=kUECqU2vzdhTcuXojRWXOgk4U%2F54bDttMQoEv7eBE75vAcpWZqP9D1Hoa3lP1Nbozpd%2FL2oVmAVanFic%2B2BRA0FNwA4Ow9f0xQfKvYNJTL9yuCZTitOzqUJ6YzcLL7YuedVgwLWhe5PtsbHW2oyUYDoqUvz5SvirMRsvoYxvsX%2BoTwlkrB5MFQWXW63oQnYFWe%2FxSnwGvv6m0f1xgov6ajTzlL7bwYDkzGKlp6XArb5O63jUWdX%2FI%2FLHLq187%2FIAyISbHSihjWKoj%2BHEvRGeGXHyjoCoWcgo%2B6LFvBygDezlCQKqZbAwNoOaXsAYGG%2BGnavxpoHvzLqWvRStWnFxEg%3D%3D","environmentVariables":{"FIREBASE_CONFIG":"{\"projectId\":\"fds3sd\",\"databaseURL\":\"https://fds3sd.firebaseio.com\",\"storageBucket\":\"fds3sd.appspot.com\",\"locationId\":\"us-central\"}","GCLOUD_PROJECT":"fds3sd"},"runtime":"nodejs16","ingressSettings":"ALLOW_ALL","buildId":"6f20591b-b6de-4818-b62d-3b7169ba0e04","buildName":"projects/302211709274/locations/us-central1/builds/6f20591b-b6de-4818-b62d-3b7169ba0e04","dockerRegistry":"ARTIFACT_REGISTRY"},"versionId":"25","updateTime":"2022-11-08T23:20:31Z","buildId":"c0fbd454-7c04-4148-ab59-b76f4d988490","buildName":"projects/302211709274/locations/us-central1/builds/c0fbd454-7c04-4148-ab59-b76f4d988490"}}
[debug] [2022-11-08T23:20:35.710Z] [update-default-us-central1-ssrServer] Retrying task index 0
[debug] [2022-11-08T23:20:35.711Z] >>> [apiv2][query] GET https://cloudfunctions.googleapis.com/v1/operations/ZmRzM3NkL3VzLWNlbnRyYWwxL3NzclNlcnZlci91YnR3d0JKeVRaZw [none]
[debug] [2022-11-08T23:20:35.921Z] <<< [apiv2][status] GET https://cloudfunctions.googleapis.com/v1/operations/ZmRzM3NkL3VzLWNlbnRyYWwxL3NzclNlcnZlci91YnR3d0JKeVRaZw 200
[debug] [2022-11-08T23:20:35.921Z] <<< [apiv2][body] GET https://cloudfunctions.googleapis.com/v1/operations/ZmRzM3NkL3VzLWNlbnRyYWwxL3NzclNlcnZlci91YnR3d0JKeVRaZw {"name":"operations/ZmRzM3NkL3VzLWNlbnRyYWwxL3NzclNlcnZlci91YnR3d0JKeVRaZw","metadata":{"@type":"type.googleapis.com/google.cloud.functions.v1.OperationMetadataV1","target":"projects/fds3sd/locations/us-central1/functions/ssrServer","type":"UPDATE_FUNCTION","request":{"@type":"type.googleapis.com/google.cloud.functions.v1.CloudFunction","name":"projects/fds3sd/locations/us-central1/functions/ssrServer","httpsTrigger":{"url":"https://us-central1-fds3sd.cloudfunctions.net/ssrServer","securityLevel":"SECURE_OPTIONAL"},"status":"ACTIVE","entryPoint":"ssrServer","timeout":"60s","availableMemoryMb":256,"serviceAccountEmail":"fds3sd@appspot.gserviceaccount.com","updateTime":"2022-10-25T02:21:38.193Z","versionId":"24","labels":{"deployment-tool":"cli-firebase"},"sourceUploadUrl":"https://storage.googleapis.com/uploads-226200124409.us-central1.cloudfunctions.appspot.com/4a64ecf6-5b61-46ec-84da-45092b07ecb9.zip?GoogleAccessId=service-302211709274@gcf-admin-robot.iam.gserviceaccount.com&Expires=1667951428&Signature=kUECqU2vzdhTcuXojRWXOgk4U%2F54bDttMQoEv7eBE75vAcpWZqP9D1Hoa3lP1Nbozpd%2FL2oVmAVanFic%2B2BRA0FNwA4Ow9f0xQfKvYNJTL9yuCZTitOzqUJ6YzcLL7YuedVgwLWhe5PtsbHW2oyUYDoqUvz5SvirMRsvoYxvsX%2BoTwlkrB5MFQWXW63oQnYFWe%2FxSnwGvv6m0f1xgov6ajTzlL7bwYDkzGKlp6XArb5O63jUWdX%2FI%2FLHLq187%2FIAyISbHSihjWKoj%2BHEvRGeGXHyjoCoWcgo%2B6LFvBygDezlCQKqZbAwNoOaXsAYGG%2BGnavxpoHvzLqWvRStWnFxEg%3D%3D","environmentVariables":{"FIREBASE_CONFIG":"{\"projectId\":\"fds3sd\",\"databaseURL\":\"https://fds3sd.firebaseio.com\",\"storageBucket\":\"fds3sd.appspot.com\",\"locationId\":\"us-central\"}","GCLOUD_PROJECT":"fds3sd"},"runtime":"nodejs16","ingressSettings":"ALLOW_ALL","buildId":"6f20591b-b6de-4818-b62d-3b7169ba0e04","buildName":"projects/302211709274/locations/us-central1/builds/6f20591b-b6de-4818-b62d-3b7169ba0e04","dockerRegistry":"ARTIFACT_REGISTRY"},"versionId":"25","updateTime":"2022-11-08T23:20:31Z","buildId":"c0fbd454-7c04-4148-ab59-b76f4d988490","buildName":"projects/302211709274/locations/us-central1/builds/c0fbd454-7c04-4148-ab59-b76f4d988490"}}
